100000 reads; of these:
  100000 (100.00%) were paired; of these:
    5823 (5.82%) aligned concordantly 0 times
    65009 (65.01%) aligned concordantly exactly 1 time
    29168 (29.17%) aligned concordantly >1 times
    ----
    5823 pairs aligned concordantly 0 times; of these:
      1251 (21.48%) aligned discordantly 1 time
    ----
    4572 pairs aligned 0 times concordantly or discordantly; of these:
      9144 mates make up the pairs; of these:
        6792 (74.28%) aligned 0 times
        1041 (11.38%) aligned exactly 1 time
        1311 (14.34%) aligned >1 times
96.60% overall alignment rate
100000 reads; of these:
  100000 (100.00%) were paired; of these:
    5856 (5.86%) aligned concordantly 0 times
    63868 (63.87%) aligned concordantly exactly 1 time
    30276 (30.28%) aligned concordantly >1 times
    ----
    5856 pairs aligned concordantly 0 times; of these:
      1063 (18.15%) aligned discordantly 1 time
    ----
    4793 pairs aligned 0 times concordantly or discordantly; of these:
      9586 mates make up the pairs; of these:
        7322 (76.38%) aligned 0 times
        1010 (10.54%) aligned exactly 1 time
        1254 (13.08%) aligned >1 times
96.34% overall alignment rate
100000 reads; of these:
  100000 (100.00%) were paired; of these:
    5645 (5.64%) aligned concordantly 0 times
    65193 (65.19%) aligned concordantly exactly 1 time
    29162 (29.16%) aligned concordantly >1 times
    ----
    5645 pairs aligned concordantly 0 times; of these:
      1128 (19.98%) aligned discordantly 1 time
    ----
    4517 pairs aligned 0 times concordantly or discordantly; of these:
      9034 mates make up the pairs; of these:
        6635 (73.44%) aligned 0 times
        1180 (13.06%) aligned exactly 1 time
        1219 (13.49%) aligned >1 times
96.68% overall alignment rate
100000 reads; of these:
  100000 (100.00%) were paired; of these:
    6337 (6.34%) aligned concordantly 0 times
    62302 (62.30%) aligned concordantly exactly 1 time
    31361 (31.36%) aligned concordantly >1 times
    ----
    6337 pairs aligned concordantly 0 times; of these:
      1169 (18.45%) aligned discordantly 1 time
    ----
    5168 pairs aligned 0 times concordantly or discordantly; of these:
      10336 mates make up the pairs; of these:
        7810 (75.56%) aligned 0 times
        1157 (11.19%) aligned exactly 1 time
        1369 (13.24%) aligned >1 times
96.09% overall alignment rate
100000 reads; of these:
  100000 (100.00%) were paired; of these:
    6132 (6.13%) aligned concordantly 0 times
    65616 (65.62%) aligned concordantly exactly 1 time
    28252 (28.25%) aligned concordantly >1 times
    ----
    6132 pairs aligned concordantly 0 times; of these:
      1234 (20.12%) aligned discordantly 1 time
    ----
    4898 pairs aligned 0 times concordantly or discordantly; of these:
      9796 mates make up the pairs; of these:
        7268 (74.19%) aligned 0 times
        1241 (12.67%) aligned exactly 1 time
        1287 (13.14%) aligned >1 times
96.37% overall alignment rate
100000 reads; of these:
  100000 (100.00%) were paired; of these:
    5578 (5.58%) aligned concordantly 0 times
    65708 (65.71%) aligned concordantly exactly 1 time
    28714 (28.71%) aligned concordantly >1 times
    ----
    5578 pairs aligned concordantly 0 times; of these:
      1123 (20.13%) aligned discordantly 1 time
    ----
    4455 pairs aligned 0 times concordantly or discordantly; of these:
      8910 mates make up the pairs; of these:
        6420 (72.05%) aligned 0 times
        1249 (14.02%) aligned exactly 1 time
        1241 (13.93%) aligned >1 times
96.79% overall alignment rate
100000 reads; of these:
  100000 (100.00%) were paired; of these:
    5845 (5.84%) aligned concordantly 0 times
    65462 (65.46%) aligned concordantly exactly 1 time
    28693 (28.69%) aligned concordantly >1 times
    ----
    5845 pairs aligned concordantly 0 times; of these:
      1133 (19.38%) aligned discordantly 1 time
    ----
    4712 pairs aligned 0 times concordantly or discordantly; of these:
      9424 mates make up the pairs; of these:
        6859 (72.78%) aligned 0 times
        1259 (13.36%) aligned exactly 1 time
        1306 (13.86%) aligned >1 times
96.57% overall alignment rate
100000 reads; of these:
  100000 (100.00%) were paired; of these:
    6114 (6.11%) aligned concordantly 0 times
    65465 (65.47%) aligned concordantly exactly 1 time
    28421 (28.42%) aligned concordantly >1 times
    ----
    6114 pairs aligned concordantly 0 times; of these:
      1387 (22.69%) aligned discordantly 1 time
    ----
    4727 pairs aligned 0 times concordantly or discordantly; of these:
      9454 mates make up the pairs; of these:
        6935 (73.36%) aligned 0 times
        1070 (11.32%) aligned exactly 1 time
        1449 (15.33%) aligned >1 times
96.53% overall alignment rate
100000 reads; of these:
  100000 (100.00%) were paired; of these:
    5872 (5.87%) aligned concordantly 0 times
    64891 (64.89%) aligned concordantly exactly 1 time
    29237 (29.24%) aligned concordantly >1 times
    ----
    5872 pairs aligned concordantly 0 times; of these:
      1152 (19.62%) aligned discordantly 1 time
    ----
    4720 pairs aligned 0 times concordantly or discordantly; of these:
      9440 mates make up the pairs; of these:
        6907 (73.17%) aligned 0 times
        1273 (13.49%) aligned exactly 1 time
        1260 (13.35%) aligned >1 times
96.55% overall alignment rate
100000 reads; of these:
  100000 (100.00%) were paired; of these:
    5586 (5.59%) aligned concordantly 0 times
    64650 (64.65%) aligned concordantly exactly 1 time
    29764 (29.76%) aligned concordantly >1 times
    ----
    5586 pairs aligned concordantly 0 times; of these:
      1042 (18.65%) aligned discordantly 1 time
    ----
    4544 pairs aligned 0 times concordantly or discordantly; of these:
      9088 mates make up the pairs; of these:
        6680 (73.50%) aligned 0 times
        1156 (12.72%) aligned exactly 1 time
        1252 (13.78%) aligned >1 times
96.66% overall alignment rate
100000 reads; of these:
  100000 (100.00%) were paired; of these:
    99542 (99.54%) aligned concordantly 0 times
    312 (0.31%) aligned concordantly exactly 1 time
    146 (0.15%) aligned concordantly >1 times
    ----
    99542 pairs aligned concordantly 0 times; of these:
      3 (0.00%) aligned discordantly 1 time
    ----
    99539 pairs aligned 0 times concordantly or discordantly; of these:
      199078 mates make up the pairs; of these:
        199058 (99.99%) aligned 0 times
        3 (0.00%) aligned exactly 1 time
        17 (0.01%) aligned >1 times
0.47% overall alignment rate
100000 reads; of these:
  100000 (100.00%) were paired; of these:
    6011 (6.01%) aligned concordantly 0 times
    63837 (63.84%) aligned concordantly exactly 1 time
    30152 (30.15%) aligned concordantly >1 times
    ----
    6011 pairs aligned concordantly 0 times; of these:
      1182 (19.66%) aligned discordantly 1 time
    ----
    4829 pairs aligned 0 times concordantly or discordantly; of these:
      9658 mates make up the pairs; of these:
        7300 (75.59%) aligned 0 times
        1021 (10.57%) aligned exactly 1 time
        1337 (13.84%) aligned >1 times
96.35% overall alignment rate
100000 reads; of these:
  100000 (100.00%) were paired; of these:
    5679 (5.68%) aligned concordantly 0 times
    65037 (65.04%) aligned concordantly exactly 1 time
    29284 (29.28%) aligned concordantly >1 times
    ----
    5679 pairs aligned concordantly 0 times; of these:
      1252 (22.05%) aligned discordantly 1 time
    ----
    4427 pairs aligned 0 times concordantly or discordantly; of these:
      8854 mates make up the pairs; of these:
        6426 (72.58%) aligned 0 times
        1107 (12.50%) aligned exactly 1 time
        1321 (14.92%) aligned >1 times
96.79% overall alignment rate
100000 reads; of these:
  100000 (100.00%) were paired; of these:
    3092 (3.09%) aligned concordantly 0 times
    59997 (60.00%) aligned concordantly exactly 1 time
    36911 (36.91%) aligned concordantly >1 times
    ----
    3092 pairs aligned concordantly 0 times; of these:
      843 (27.26%) aligned discordantly 1 time
    ----
    2249 pairs aligned 0 times concordantly or discordantly; of these:
      4498 mates make up the pairs; of these:
        2206 (49.04%) aligned 0 times
        890 (19.79%) aligned exactly 1 time
        1402 (31.17%) aligned >1 times
98.90% overall alignment rate
100000 reads; of these:
  100000 (100.00%) were paired; of these:
    5902 (5.90%) aligned concordantly 0 times
    65324 (65.32%) aligned concordantly exactly 1 time
    28774 (28.77%) aligned concordantly >1 times
    ----
    5902 pairs aligned concordantly 0 times; of these:
      1191 (20.18%) aligned discordantly 1 time
    ----
    4711 pairs aligned 0 times concordantly or discordantly; of these:
      9422 mates make up the pairs; of these:
        6887 (73.09%) aligned 0 times
        1218 (12.93%) aligned exactly 1 time
        1317 (13.98%) aligned >1 times
96.56% overall alignment rate
100000 reads; of these:
  100000 (100.00%) were paired; of these:
    9918 (9.92%) aligned concordantly 0 times
    60136 (60.14%) aligned concordantly exactly 1 time
    29946 (29.95%) aligned concordantly >1 times
    ----
    9918 pairs aligned concordantly 0 times; of these:
      1020 (10.28%) aligned discordantly 1 time
    ----
    8898 pairs aligned 0 times concordantly or discordantly; of these:
      17796 mates make up the pairs; of these:
        15553 (87.40%) aligned 0 times
        1044 (5.87%) aligned exactly 1 time
        1199 (6.74%) aligned >1 times
92.22% overall alignment rate
