100000 reads; of these:
  100000 (100.00%) were paired; of these:
    4207 (4.21%) aligned concordantly 0 times
    58829 (58.83%) aligned concordantly exactly 1 time
    36964 (36.96%) aligned concordantly >1 times
    ----
    4207 pairs aligned concordantly 0 times; of these:
      1346 (31.99%) aligned discordantly 1 time
    ----
    2861 pairs aligned 0 times concordantly or discordantly; of these:
      5722 mates make up the pairs; of these:
        2697 (47.13%) aligned 0 times
        968 (16.92%) aligned exactly 1 time
        2057 (35.95%) aligned >1 times
98.65% overall alignment rate
100000 reads; of these:
  100000 (100.00%) were paired; of these:
    3828 (3.83%) aligned concordantly 0 times
    61033 (61.03%) aligned concordantly exactly 1 time
    35139 (35.14%) aligned concordantly >1 times
    ----
    3828 pairs aligned concordantly 0 times; of these:
      1124 (29.36%) aligned discordantly 1 time
    ----
    2704 pairs aligned 0 times concordantly or discordantly; of these:
      5408 mates make up the pairs; of these:
        2442 (45.16%) aligned 0 times
        1186 (21.93%) aligned exactly 1 time
        1780 (32.91%) aligned >1 times
98.78% overall alignment rate
100000 reads; of these:
  100000 (100.00%) were paired; of these:
    3934 (3.93%) aligned concordantly 0 times
    59104 (59.10%) aligned concordantly exactly 1 time
    36962 (36.96%) aligned concordantly >1 times
    ----
    3934 pairs aligned concordantly 0 times; of these:
      1216 (30.91%) aligned discordantly 1 time
    ----
    2718 pairs aligned 0 times concordantly or discordantly; of these:
      5436 mates make up the pairs; of these:
        2337 (42.99%) aligned 0 times
        1116 (20.53%) aligned exactly 1 time
        1983 (36.48%) aligned >1 times
98.83% overall alignment rate
100000 reads; of these:
  100000 (100.00%) were paired; of these:
    3712 (3.71%) aligned concordantly 0 times
    60303 (60.30%) aligned concordantly exactly 1 time
    35985 (35.98%) aligned concordantly >1 times
    ----
    3712 pairs aligned concordantly 0 times; of these:
      1082 (29.15%) aligned discordantly 1 time
    ----
    2630 pairs aligned 0 times concordantly or discordantly; of these:
      5260 mates make up the pairs; of these:
        2620 (49.81%) aligned 0 times
        1115 (21.20%) aligned exactly 1 time
        1525 (28.99%) aligned >1 times
98.69% overall alignment rate
100000 reads; of these:
  100000 (100.00%) were paired; of these:
    4057 (4.06%) aligned concordantly 0 times
    60711 (60.71%) aligned concordantly exactly 1 time
    35232 (35.23%) aligned concordantly >1 times
    ----
    4057 pairs aligned concordantly 0 times; of these:
      1231 (30.34%) aligned discordantly 1 time
    ----
    2826 pairs aligned 0 times concordantly or discordantly; of these:
      5652 mates make up the pairs; of these:
        2615 (46.27%) aligned 0 times
        1176 (20.81%) aligned exactly 1 time
        1861 (32.93%) aligned >1 times
98.69% overall alignment rate
100000 reads; of these:
  100000 (100.00%) were paired; of these:
    3614 (3.61%) aligned concordantly 0 times
    59436 (59.44%) aligned concordantly exactly 1 time
    36950 (36.95%) aligned concordantly >1 times
    ----
    3614 pairs aligned concordantly 0 times; of these:
      1054 (29.16%) aligned discordantly 1 time
    ----
    2560 pairs aligned 0 times concordantly or discordantly; of these:
      5120 mates make up the pairs; of these:
        2284 (44.61%) aligned 0 times
        1169 (22.83%) aligned exactly 1 time
        1667 (32.56%) aligned >1 times
98.86% overall alignment rate
100000 reads; of these:
  100000 (100.00%) were paired; of these:
    10328 (10.33%) aligned concordantly 0 times
    53857 (53.86%) aligned concordantly exactly 1 time
    35815 (35.81%) aligned concordantly >1 times
    ----
    10328 pairs aligned concordantly 0 times; of these:
      897 (8.69%) aligned discordantly 1 time
    ----
    9431 pairs aligned 0 times concordantly or discordantly; of these:
      18862 mates make up the pairs; of these:
        17205 (91.22%) aligned 0 times
        456 (2.42%) aligned exactly 1 time
        1201 (6.37%) aligned >1 times
91.40% overall alignment rate
100000 reads; of these:
  100000 (100.00%) were paired; of these:
    3974 (3.97%) aligned concordantly 0 times
    60035 (60.03%) aligned concordantly exactly 1 time
    35991 (35.99%) aligned concordantly >1 times
    ----
    3974 pairs aligned concordantly 0 times; of these:
      1130 (28.43%) aligned discordantly 1 time
    ----
    2844 pairs aligned 0 times concordantly or discordantly; of these:
      5688 mates make up the pairs; of these:
        2652 (46.62%) aligned 0 times
        1277 (22.45%) aligned exactly 1 time
        1759 (30.92%) aligned >1 times
98.67% overall alignment rate
100000 reads; of these:
  100000 (100.00%) were paired; of these:
    3029 (3.03%) aligned concordantly 0 times
    59409 (59.41%) aligned concordantly exactly 1 time
    37562 (37.56%) aligned concordantly >1 times
    ----
    3029 pairs aligned concordantly 0 times; of these:
      1023 (33.77%) aligned discordantly 1 time
    ----
    2006 pairs aligned 0 times concordantly or discordantly; of these:
      4012 mates make up the pairs; of these:
        1974 (49.20%) aligned 0 times
        580 (14.46%) aligned exactly 1 time
        1458 (36.34%) aligned >1 times
99.01% overall alignment rate
100000 reads; of these:
  100000 (100.00%) were paired; of these:
    4069 (4.07%) aligned concordantly 0 times
    60940 (60.94%) aligned concordantly exactly 1 time
    34991 (34.99%) aligned concordantly >1 times
    ----
    4069 pairs aligned concordantly 0 times; of these:
      1241 (30.50%) aligned discordantly 1 time
    ----
    2828 pairs aligned 0 times concordantly or discordantly; of these:
      5656 mates make up the pairs; of these:
        2520 (44.55%) aligned 0 times
        1305 (23.07%) aligned exactly 1 time
        1831 (32.37%) aligned >1 times
98.74% overall alignment rate
100000 reads; of these:
  100000 (100.00%) were paired; of these:
    3489 (3.49%) aligned concordantly 0 times
    61471 (61.47%) aligned concordantly exactly 1 time
    35040 (35.04%) aligned concordantly >1 times
    ----
    3489 pairs aligned concordantly 0 times; of these:
      991 (28.40%) aligned discordantly 1 time
    ----
    2498 pairs aligned 0 times concordantly or discordantly; of these:
      4996 mates make up the pairs; of these:
        2251 (45.06%) aligned 0 times
        1192 (23.86%) aligned exactly 1 time
        1553 (31.08%) aligned >1 times
98.87% overall alignment rate
100000 reads; of these:
  100000 (100.00%) were paired; of these:
    4023 (4.02%) aligned concordantly 0 times
    59115 (59.12%) aligned concordantly exactly 1 time
    36862 (36.86%) aligned concordantly >1 times
    ----
    4023 pairs aligned concordantly 0 times; of these:
      1133 (28.16%) aligned discordantly 1 time
    ----
    2890 pairs aligned 0 times concordantly or discordantly; of these:
      5780 mates make up the pairs; of these:
        2648 (45.81%) aligned 0 times
        1285 (22.23%) aligned exactly 1 time
        1847 (31.96%) aligned >1 times
98.68% overall alignment rate
100000 reads; of these:
  100000 (100.00%) were paired; of these:
    3404 (3.40%) aligned concordantly 0 times
    58957 (58.96%) aligned concordantly exactly 1 time
    37639 (37.64%) aligned concordantly >1 times
    ----
    3404 pairs aligned concordantly 0 times; of these:
      929 (27.29%) aligned discordantly 1 time
    ----
    2475 pairs aligned 0 times concordantly or discordantly; of these:
      4950 mates make up the pairs; of these:
        2443 (49.35%) aligned 0 times
        1003 (20.26%) aligned exactly 1 time
        1504 (30.38%) aligned >1 times
98.78% overall alignment rate
100000 reads; of these:
  100000 (100.00%) were paired; of these:
    3933 (3.93%) aligned concordantly 0 times
    59455 (59.45%) aligned concordantly exactly 1 time
    36612 (36.61%) aligned concordantly >1 times
    ----
    3933 pairs aligned concordantly 0 times; of these:
      1047 (26.62%) aligned discordantly 1 time
    ----
    2886 pairs aligned 0 times concordantly or discordantly; of these:
      5772 mates make up the pairs; of these:
        2707 (46.90%) aligned 0 times
        1271 (22.02%) aligned exactly 1 time
        1794 (31.08%) aligned >1 times
98.65% overall alignment rate
100000 reads; of these:
  100000 (100.00%) were paired; of these:
    3687 (3.69%) aligned concordantly 0 times
    60886 (60.89%) aligned concordantly exactly 1 time
    35427 (35.43%) aligned concordantly >1 times
    ----
    3687 pairs aligned concordantly 0 times; of these:
      1125 (30.51%) aligned discordantly 1 time
    ----
    2562 pairs aligned 0 times concordantly or discordantly; of these:
      5124 mates make up the pairs; of these:
        2327 (45.41%) aligned 0 times
        1189 (23.20%) aligned exactly 1 time
        1608 (31.38%) aligned >1 times
98.84% overall alignment rate
100000 reads; of these:
  100000 (100.00%) were paired; of these:
    5845 (5.84%) aligned concordantly 0 times
    65462 (65.46%) aligned concordantly exactly 1 time
    28693 (28.69%) aligned concordantly >1 times
    ----
    5845 pairs aligned concordantly 0 times; of these:
      1133 (19.38%) aligned discordantly 1 time
    ----
    4712 pairs aligned 0 times concordantly or discordantly; of these:
      9424 mates make up the pairs; of these:
        6859 (72.78%) aligned 0 times
        1259 (13.36%) aligned exactly 1 time
        1306 (13.86%) aligned >1 times
96.57% overall alignment rate
