100000 reads; of these:
  100000 (100.00%) were paired; of these:
    99990 (99.99%) aligned concordantly 0 times
    0 (0.00%) aligned concordantly exactly 1 time
    10 (0.01%) aligned concordantly >1 times
    ----
    99990 pairs aligned concordantly 0 times; of these:
      39582 (39.59%) aligned discordantly 1 time
    ----
    60408 pairs aligned 0 times concordantly or discordantly; of these:
      120816 mates make up the pairs; of these:
        10467 (8.66%) aligned 0 times
        46010 (38.08%) aligned exactly 1 time
        64339 (53.25%) aligned >1 times
94.77% overall alignment rate
100000 reads; of these:
  100000 (100.00%) were paired; of these:
    99979 (99.98%) aligned concordantly 0 times
    5 (0.01%) aligned concordantly exactly 1 time
    16 (0.02%) aligned concordantly >1 times
    ----
    99979 pairs aligned concordantly 0 times; of these:
      43848 (43.86%) aligned discordantly 1 time
    ----
    56131 pairs aligned 0 times concordantly or discordantly; of these:
      112262 mates make up the pairs; of these:
        12664 (11.28%) aligned 0 times
        43905 (39.11%) aligned exactly 1 time
        55693 (49.61%) aligned >1 times
93.67% overall alignment rate
100000 reads; of these:
  100000 (100.00%) were paired; of these:
    99971 (99.97%) aligned concordantly 0 times
    12 (0.01%) aligned concordantly exactly 1 time
    17 (0.02%) aligned concordantly >1 times
    ----
    99971 pairs aligned concordantly 0 times; of these:
      47060 (47.07%) aligned discordantly 1 time
    ----
    52911 pairs aligned 0 times concordantly or discordantly; of these:
      105822 mates make up the pairs; of these:
        7828 (7.40%) aligned 0 times
        42651 (40.30%) aligned exactly 1 time
        55343 (52.30%) aligned >1 times
96.09% overall alignment rate
100000 reads; of these:
  100000 (100.00%) were paired; of these:
    99981 (99.98%) aligned concordantly 0 times
    2 (0.00%) aligned concordantly exactly 1 time
    17 (0.02%) aligned concordantly >1 times
    ----
    99981 pairs aligned concordantly 0 times; of these:
      42762 (42.77%) aligned discordantly 1 time
    ----
    57219 pairs aligned 0 times concordantly or discordantly; of these:
      114438 mates make up the pairs; of these:
        11809 (10.32%) aligned 0 times
        45133 (39.44%) aligned exactly 1 time
        57496 (50.24%) aligned >1 times
94.10% overall alignment rate
100000 reads; of these:
  100000 (100.00%) were paired; of these:
    99881 (99.88%) aligned concordantly 0 times
    1 (0.00%) aligned concordantly exactly 1 time
    118 (0.12%) aligned concordantly >1 times
    ----
    99881 pairs aligned concordantly 0 times; of these:
      40432 (40.48%) aligned discordantly 1 time
    ----
    59449 pairs aligned 0 times concordantly or discordantly; of these:
      118898 mates make up the pairs; of these:
        3016 (2.54%) aligned 0 times
        46032 (38.72%) aligned exactly 1 time
        69850 (58.75%) aligned >1 times
98.49% overall alignment rate
100000 reads; of these:
  100000 (100.00%) were paired; of these:
    99981 (99.98%) aligned concordantly 0 times
    3 (0.00%) aligned concordantly exactly 1 time
    16 (0.02%) aligned concordantly >1 times
    ----
    99981 pairs aligned concordantly 0 times; of these:
      43561 (43.57%) aligned discordantly 1 time
    ----
    56420 pairs aligned 0 times concordantly or discordantly; of these:
      112840 mates make up the pairs; of these:
        5001 (4.43%) aligned 0 times
        44849 (39.75%) aligned exactly 1 time
        62990 (55.82%) aligned >1 times
97.50% overall alignment rate
100000 reads; of these:
  100000 (100.00%) were paired; of these:
    99985 (99.98%) aligned concordantly 0 times
    6 (0.01%) aligned concordantly exactly 1 time
    9 (0.01%) aligned concordantly >1 times
    ----
    99985 pairs aligned concordantly 0 times; of these:
      41983 (41.99%) aligned discordantly 1 time
    ----
    58002 pairs aligned 0 times concordantly or discordantly; of these:
      116004 mates make up the pairs; of these:
        5948 (5.13%) aligned 0 times
        45524 (39.24%) aligned exactly 1 time
        64532 (55.63%) aligned >1 times
97.03% overall alignment rate
100000 reads; of these:
  100000 (100.00%) were paired; of these:
    99977 (99.98%) aligned concordantly 0 times
    1 (0.00%) aligned concordantly exactly 1 time
    22 (0.02%) aligned concordantly >1 times
    ----
    99977 pairs aligned concordantly 0 times; of these:
      40941 (40.95%) aligned discordantly 1 time
    ----
    59036 pairs aligned 0 times concordantly or discordantly; of these:
      118072 mates make up the pairs; of these:
        16199 (13.72%) aligned 0 times
        45330 (38.39%) aligned exactly 1 time
        56543 (47.89%) aligned >1 times
91.90% overall alignment rate
100000 reads; of these:
  100000 (100.00%) were paired; of these:
    100000 (100.00%) aligned concordantly 0 times
    0 (0.00%) aligned concordantly exactly 1 time
    0 (0.00%) aligned concordantly >1 times
    ----
    100000 pairs aligned concordantly 0 times; of these:
      192 (0.19%) aligned discordantly 1 time
    ----
    99808 pairs aligned 0 times concordantly or discordantly; of these:
      199616 mates make up the pairs; of these:
        122554 (61.39%) aligned 0 times
        53924 (27.01%) aligned exactly 1 time
        23138 (11.59%) aligned >1 times
38.72% overall alignment rate
100000 reads; of these:
  100000 (100.00%) were paired; of these:
    99839 (99.84%) aligned concordantly 0 times
    6 (0.01%) aligned concordantly exactly 1 time
    155 (0.15%) aligned concordantly >1 times
    ----
    99839 pairs aligned concordantly 0 times; of these:
      38537 (38.60%) aligned discordantly 1 time
    ----
    61302 pairs aligned 0 times concordantly or discordantly; of these:
      122604 mates make up the pairs; of these:
        3108 (2.53%) aligned 0 times
        46954 (38.30%) aligned exactly 1 time
        72542 (59.17%) aligned >1 times
98.45% overall alignment rate
100000 reads; of these:
  100000 (100.00%) were paired; of these:
    99980 (99.98%) aligned concordantly 0 times
    3 (0.00%) aligned concordantly exactly 1 time
    17 (0.02%) aligned concordantly >1 times
    ----
    99980 pairs aligned concordantly 0 times; of these:
      35072 (35.08%) aligned discordantly 1 time
    ----
    64908 pairs aligned 0 times concordantly or discordantly; of these:
      129816 mates make up the pairs; of these:
        18002 (13.87%) aligned 0 times
        47715 (36.76%) aligned exactly 1 time
        64099 (49.38%) aligned >1 times
91.00% overall alignment rate
100000 reads; of these:
  100000 (100.00%) were paired; of these:
    99980 (99.98%) aligned concordantly 0 times
    2 (0.00%) aligned concordantly exactly 1 time
    18 (0.02%) aligned concordantly >1 times
    ----
    99980 pairs aligned concordantly 0 times; of these:
      44118 (44.13%) aligned discordantly 1 time
    ----
    55862 pairs aligned 0 times concordantly or discordantly; of these:
      111724 mates make up the pairs; of these:
        11362 (10.17%) aligned 0 times
        44378 (39.72%) aligned exactly 1 time
        55984 (50.11%) aligned >1 times
94.32% overall alignment rate
100000 reads; of these:
  100000 (100.00%) were paired; of these:
    99974 (99.97%) aligned concordantly 0 times
    6 (0.01%) aligned concordantly exactly 1 time
    20 (0.02%) aligned concordantly >1 times
    ----
    99974 pairs aligned concordantly 0 times; of these:
      40445 (40.46%) aligned discordantly 1 time
    ----
    59529 pairs aligned 0 times concordantly or discordantly; of these:
      119058 mates make up the pairs; of these:
        14643 (12.30%) aligned 0 times
        45976 (38.62%) aligned exactly 1 time
        58439 (49.08%) aligned >1 times
92.68% overall alignment rate
100000 reads; of these:
  100000 (100.00%) were paired; of these:
    99976 (99.98%) aligned concordantly 0 times
    1 (0.00%) aligned concordantly exactly 1 time
    23 (0.02%) aligned concordantly >1 times
    ----
    99976 pairs aligned concordantly 0 times; of these:
      39668 (39.68%) aligned discordantly 1 time
    ----
    60308 pairs aligned 0 times concordantly or discordantly; of these:
      120616 mates make up the pairs; of these:
        9672 (8.02%) aligned 0 times
        46327 (38.41%) aligned exactly 1 time
        64617 (53.57%) aligned >1 times
95.16% overall alignment rate
100000 reads; of these:
  100000 (100.00%) were paired; of these:
    99982 (99.98%) aligned concordantly 0 times
    4 (0.00%) aligned concordantly exactly 1 time
    14 (0.01%) aligned concordantly >1 times
    ----
    99982 pairs aligned concordantly 0 times; of these:
      43107 (43.11%) aligned discordantly 1 time
    ----
    56875 pairs aligned 0 times concordantly or discordantly; of these:
      113750 mates make up the pairs; of these:
        4628 (4.07%) aligned 0 times
        45120 (39.67%) aligned exactly 1 time
        64002 (56.27%) aligned >1 times
97.69% overall alignment rate
100000 reads; of these:
  100000 (100.00%) were paired; of these:
    99982 (99.98%) aligned concordantly 0 times
    5 (0.01%) aligned concordantly exactly 1 time
    13 (0.01%) aligned concordantly >1 times
    ----
    99982 pairs aligned concordantly 0 times; of these:
      43226 (43.23%) aligned discordantly 1 time
    ----
    56756 pairs aligned 0 times concordantly or discordantly; of these:
      113512 mates make up the pairs; of these:
        5758 (5.07%) aligned 0 times
        44866 (39.53%) aligned exactly 1 time
        62888 (55.40%) aligned >1 times
97.12% overall alignment rate
100000 reads; of these:
  100000 (100.00%) were paired; of these:
    99984 (99.98%) aligned concordantly 0 times
    0 (0.00%) aligned concordantly exactly 1 time
    16 (0.02%) aligned concordantly >1 times
    ----
    99984 pairs aligned concordantly 0 times; of these:
      43701 (43.71%) aligned discordantly 1 time
    ----
    56283 pairs aligned 0 times concordantly or discordantly; of these:
      112566 mates make up the pairs; of these:
        4815 (4.28%) aligned 0 times
        45083 (40.05%) aligned exactly 1 time
        62668 (55.67%) aligned >1 times
97.59% overall alignment rate
100000 reads; of these:
  100000 (100.00%) were paired; of these:
    99982 (99.98%) aligned concordantly 0 times
    5 (0.01%) aligned concordantly exactly 1 time
    13 (0.01%) aligned concordantly >1 times
    ----
    99982 pairs aligned concordantly 0 times; of these:
      28773 (28.78%) aligned discordantly 1 time
    ----
    71209 pairs aligned 0 times concordantly or discordantly; of these:
      142418 mates make up the pairs; of these:
        38772 (27.22%) aligned 0 times
        52805 (37.08%) aligned exactly 1 time
        50841 (35.70%) aligned >1 times
80.61% overall alignment rate
100000 reads; of these:
  100000 (100.00%) were paired; of these:
    99974 (99.97%) aligned concordantly 0 times
    3 (0.00%) aligned concordantly exactly 1 time
    23 (0.02%) aligned concordantly >1 times
    ----
    99974 pairs aligned concordantly 0 times; of these:
      43149 (43.16%) aligned discordantly 1 time
    ----
    56825 pairs aligned 0 times concordantly or discordantly; of these:
      113650 mates make up the pairs; of these:
        13086 (11.51%) aligned 0 times
        43806 (38.54%) aligned exactly 1 time
        56758 (49.94%) aligned >1 times
93.46% overall alignment rate
100000 reads; of these:
  100000 (100.00%) were paired; of these:
    99988 (99.99%) aligned concordantly 0 times
    2 (0.00%) aligned concordantly exactly 1 time
    10 (0.01%) aligned concordantly >1 times
    ----
    99988 pairs aligned concordantly 0 times; of these:
      42910 (42.92%) aligned discordantly 1 time
    ----
    57078 pairs aligned 0 times concordantly or discordantly; of these:
      114156 mates make up the pairs; of these:
        5003 (4.38%) aligned 0 times
        45291 (39.67%) aligned exactly 1 time
        63862 (55.94%) aligned >1 times
97.50% overall alignment rate
100000 reads; of these:
  100000 (100.00%) were paired; of these:
    99983 (99.98%) aligned concordantly 0 times
    3 (0.00%) aligned concordantly exactly 1 time
    14 (0.01%) aligned concordantly >1 times
    ----
    99983 pairs aligned concordantly 0 times; of these:
      43263 (43.27%) aligned discordantly 1 time
    ----
    56720 pairs aligned 0 times concordantly or discordantly; of these:
      113440 mates make up the pairs; of these:
        5477 (4.83%) aligned 0 times
        44876 (39.56%) aligned exactly 1 time
        63087 (55.61%) aligned >1 times
97.26% overall alignment rate
100000 reads; of these:
  100000 (100.00%) were paired; of these:
    99976 (99.98%) aligned concordantly 0 times
    3 (0.00%) aligned concordantly exactly 1 time
    21 (0.02%) aligned concordantly >1 times
    ----
    99976 pairs aligned concordantly 0 times; of these:
      39519 (39.53%) aligned discordantly 1 time
    ----
    60457 pairs aligned 0 times concordantly or discordantly; of these:
      120914 mates make up the pairs; of these:
        9770 (8.08%) aligned 0 times
        46547 (38.50%) aligned exactly 1 time
        64597 (53.42%) aligned >1 times
95.11% overall alignment rate
100000 reads; of these:
  100000 (100.00%) were paired; of these:
    99980 (99.98%) aligned concordantly 0 times
    4 (0.00%) aligned concordantly exactly 1 time
    16 (0.02%) aligned concordantly >1 times
    ----
    99980 pairs aligned concordantly 0 times; of these:
      43556 (43.56%) aligned discordantly 1 time
    ----
    56424 pairs aligned 0 times concordantly or discordantly; of these:
      112848 mates make up the pairs; of these:
        11678 (10.35%) aligned 0 times
        44637 (39.55%) aligned exactly 1 time
        56533 (50.10%) aligned >1 times
94.16% overall alignment rate
100000 reads; of these:
  100000 (100.00%) were paired; of these:
    100000 (100.00%) aligned concordantly 0 times
    0 (0.00%) aligned concordantly exactly 1 time
    0 (0.00%) aligned concordantly >1 times
    ----
    100000 pairs aligned concordantly 0 times; of these:
      213 (0.21%) aligned discordantly 1 time
    ----
    99787 pairs aligned 0 times concordantly or discordantly; of these:
      199574 mates make up the pairs; of these:
        103265 (51.74%) aligned 0 times
        66782 (33.46%) aligned exactly 1 time
        29527 (14.80%) aligned >1 times
48.37% overall alignment rate
100000 reads; of these:
  100000 (100.00%) were paired; of these:
    99879 (99.88%) aligned concordantly 0 times
    2 (0.00%) aligned concordantly exactly 1 time
    119 (0.12%) aligned concordantly >1 times
    ----
    99879 pairs aligned concordantly 0 times; of these:
      35831 (35.87%) aligned discordantly 1 time
    ----
    64048 pairs aligned 0 times concordantly or discordantly; of these:
      128096 mates make up the pairs; of these:
        11665 (9.11%) aligned 0 times
        47530 (37.10%) aligned exactly 1 time
        68901 (53.79%) aligned >1 times
94.17% overall alignment rate
100000 reads; of these:
  100000 (100.00%) were paired; of these:
    99979 (99.98%) aligned concordantly 0 times
    3 (0.00%) aligned concordantly exactly 1 time
    18 (0.02%) aligned concordantly >1 times
    ----
    99979 pairs aligned concordantly 0 times; of these:
      42193 (42.20%) aligned discordantly 1 time
    ----
    57786 pairs aligned 0 times concordantly or discordantly; of these:
      115572 mates make up the pairs; of these:
        5010 (4.33%) aligned 0 times
        45635 (39.49%) aligned exactly 1 time
        64927 (56.18%) aligned >1 times
97.50% overall alignment rate
100000 reads; of these:
  100000 (100.00%) were paired; of these:
    99980 (99.98%) aligned concordantly 0 times
    1 (0.00%) aligned concordantly exactly 1 time
    19 (0.02%) aligned concordantly >1 times
    ----
    99980 pairs aligned concordantly 0 times; of these:
      42459 (42.47%) aligned discordantly 1 time
    ----
    57521 pairs aligned 0 times concordantly or discordantly; of these:
      115042 mates make up the pairs; of these:
        12843 (11.16%) aligned 0 times
        45295 (39.37%) aligned exactly 1 time
        56904 (49.46%) aligned >1 times
93.58% overall alignment rate
100000 reads; of these:
  100000 (100.00%) were paired; of these:
    99978 (99.98%) aligned concordantly 0 times
    1 (0.00%) aligned concordantly exactly 1 time
    21 (0.02%) aligned concordantly >1 times
    ----
    99978 pairs aligned concordantly 0 times; of these:
      39654 (39.66%) aligned discordantly 1 time
    ----
    60324 pairs aligned 0 times concordantly or discordantly; of these:
      120648 mates make up the pairs; of these:
        16734 (13.87%) aligned 0 times
        45889 (38.04%) aligned exactly 1 time
        58025 (48.09%) aligned >1 times
91.63% overall alignment rate
100000 reads; of these:
  100000 (100.00%) were paired; of these:
    99979 (99.98%) aligned concordantly 0 times
    10 (0.01%) aligned concordantly exactly 1 time
    11 (0.01%) aligned concordantly >1 times
    ----
    99979 pairs aligned concordantly 0 times; of these:
      46820 (46.83%) aligned discordantly 1 time
    ----
    53159 pairs aligned 0 times concordantly or discordantly; of these:
      106318 mates make up the pairs; of these:
        7419 (6.98%) aligned 0 times
        42858 (40.31%) aligned exactly 1 time
        56041 (52.71%) aligned >1 times
96.29% overall alignment rate
100000 reads; of these:
  100000 (100.00%) were paired; of these:
    99984 (99.98%) aligned concordantly 0 times
    3 (0.00%) aligned concordantly exactly 1 time
    13 (0.01%) aligned concordantly >1 times
    ----
    99984 pairs aligned concordantly 0 times; of these:
      28725 (28.73%) aligned discordantly 1 time
    ----
    71259 pairs aligned 0 times concordantly or discordantly; of these:
      142518 mates make up the pairs; of these:
        46847 (32.87%) aligned 0 times
        48581 (34.09%) aligned exactly 1 time
        47090 (33.04%) aligned >1 times
76.58% overall alignment rate
100000 reads; of these:
  100000 (100.00%) were paired; of these:
    99974 (99.97%) aligned concordantly 0 times
    2 (0.00%) aligned concordantly exactly 1 time
    24 (0.02%) aligned concordantly >1 times
    ----
    99974 pairs aligned concordantly 0 times; of these:
      39249 (39.26%) aligned discordantly 1 time
    ----
    60725 pairs aligned 0 times concordantly or discordantly; of these:
      121450 mates make up the pairs; of these:
        16639 (13.70%) aligned 0 times
        45993 (37.87%) aligned exactly 1 time
        58818 (48.43%) aligned >1 times
91.68% overall alignment rate
100000 reads; of these:
  100000 (100.00%) were paired; of these:
    99848 (99.85%) aligned concordantly 0 times
    2 (0.00%) aligned concordantly exactly 1 time
    150 (0.15%) aligned concordantly >1 times
    ----
    99848 pairs aligned concordantly 0 times; of these:
      39718 (39.78%) aligned discordantly 1 time
    ----
    60130 pairs aligned 0 times concordantly or discordantly; of these:
      120260 mates make up the pairs; of these:
        2915 (2.42%) aligned 0 times
        46708 (38.84%) aligned exactly 1 time
        70637 (58.74%) aligned >1 times
98.54% overall alignment rate
100000 reads; of these:
  100000 (100.00%) were paired; of these:
    99847 (99.85%) aligned concordantly 0 times
    2 (0.00%) aligned concordantly exactly 1 time
    151 (0.15%) aligned concordantly >1 times
    ----
    99847 pairs aligned concordantly 0 times; of these:
      39826 (39.89%) aligned discordantly 1 time
    ----
    60021 pairs aligned 0 times concordantly or discordantly; of these:
      120042 mates make up the pairs; of these:
        2763 (2.30%) aligned 0 times
        46620 (38.84%) aligned exactly 1 time
        70659 (58.86%) aligned >1 times
98.62% overall alignment rate
100000 reads; of these:
  100000 (100.00%) were paired; of these:
    99972 (99.97%) aligned concordantly 0 times
    5 (0.01%) aligned concordantly exactly 1 time
    23 (0.02%) aligned concordantly >1 times
    ----
    99972 pairs aligned concordantly 0 times; of these:
      39639 (39.65%) aligned discordantly 1 time
    ----
    60333 pairs aligned 0 times concordantly or discordantly; of these:
      120666 mates make up the pairs; of these:
        17268 (14.31%) aligned 0 times
        45617 (37.80%) aligned exactly 1 time
        57781 (47.89%) aligned >1 times
91.37% overall alignment rate
100000 reads; of these:
  100000 (100.00%) were paired; of these:
    99975 (99.97%) aligned concordantly 0 times
    4 (0.00%) aligned concordantly exactly 1 time
    21 (0.02%) aligned concordantly >1 times
    ----
    99975 pairs aligned concordantly 0 times; of these:
      41156 (41.17%) aligned discordantly 1 time
    ----
    58819 pairs aligned 0 times concordantly or discordantly; of these:
      117638 mates make up the pairs; of these:
        15976 (13.58%) aligned 0 times
        44993 (38.25%) aligned exactly 1 time
        56669 (48.17%) aligned >1 times
92.01% overall alignment rate
100000 reads; of these:
  100000 (100.00%) were paired; of these:
    99977 (99.98%) aligned concordantly 0 times
    1 (0.00%) aligned concordantly exactly 1 time
    22 (0.02%) aligned concordantly >1 times
    ----
    99977 pairs aligned concordantly 0 times; of these:
      43076 (43.09%) aligned discordantly 1 time
    ----
    56901 pairs aligned 0 times concordantly or discordantly; of these:
      113802 mates make up the pairs; of these:
        12168 (10.69%) aligned 0 times
        45029 (39.57%) aligned exactly 1 time
        56605 (49.74%) aligned >1 times
93.92% overall alignment rate
100000 reads; of these:
  100000 (100.00%) were paired; of these:
    99967 (99.97%) aligned concordantly 0 times
    6 (0.01%) aligned concordantly exactly 1 time
    27 (0.03%) aligned concordantly >1 times
    ----
    99967 pairs aligned concordantly 0 times; of these:
      41373 (41.39%) aligned discordantly 1 time
    ----
    58594 pairs aligned 0 times concordantly or discordantly; of these:
      117188 mates make up the pairs; of these:
        13364 (11.40%) aligned 0 times
        45103 (38.49%) aligned exactly 1 time
        58721 (50.11%) aligned >1 times
93.32% overall alignment rate
100000 reads; of these:
  100000 (100.00%) were paired; of these:
    99985 (99.98%) aligned concordantly 0 times
    2 (0.00%) aligned concordantly exactly 1 time
    13 (0.01%) aligned concordantly >1 times
    ----
    99985 pairs aligned concordantly 0 times; of these:
      40118 (40.12%) aligned discordantly 1 time
    ----
    59867 pairs aligned 0 times concordantly or discordantly; of these:
      119734 mates make up the pairs; of these:
        10836 (9.05%) aligned 0 times
        45581 (38.07%) aligned exactly 1 time
        63317 (52.88%) aligned >1 times
94.58% overall alignment rate
100000 reads; of these:
  100000 (100.00%) were paired; of these:
    99977 (99.98%) aligned concordantly 0 times
    0 (0.00%) aligned concordantly exactly 1 time
    23 (0.02%) aligned concordantly >1 times
    ----
    99977 pairs aligned concordantly 0 times; of these:
      42545 (42.55%) aligned discordantly 1 time
    ----
    57432 pairs aligned 0 times concordantly or discordantly; of these:
      114864 mates make up the pairs; of these:
        5092 (4.43%) aligned 0 times
        45525 (39.63%) aligned exactly 1 time
        64247 (55.93%) aligned >1 times
97.45% overall alignment rate
100000 reads; of these:
  100000 (100.00%) were paired; of these:
    99860 (99.86%) aligned concordantly 0 times
    0 (0.00%) aligned concordantly exactly 1 time
    140 (0.14%) aligned concordantly >1 times
    ----
    99860 pairs aligned concordantly 0 times; of these:
      38514 (38.57%) aligned discordantly 1 time
    ----
    61346 pairs aligned 0 times concordantly or discordantly; of these:
      122692 mates make up the pairs; of these:
        2501 (2.04%) aligned 0 times
        46972 (38.28%) aligned exactly 1 time
        73219 (59.68%) aligned >1 times
98.75% overall alignment rate
100000 reads; of these:
  100000 (100.00%) were paired; of these:
    99827 (99.83%) aligned concordantly 0 times
    4 (0.00%) aligned concordantly exactly 1 time
    169 (0.17%) aligned concordantly >1 times
    ----
    99827 pairs aligned concordantly 0 times; of these:
      38724 (38.79%) aligned discordantly 1 time
    ----
    61103 pairs aligned 0 times concordantly or discordantly; of these:
      122206 mates make up the pairs; of these:
        3244 (2.65%) aligned 0 times
        46987 (38.45%) aligned exactly 1 time
        71975 (58.90%) aligned >1 times
98.38% overall alignment rate
100000 reads; of these:
  100000 (100.00%) were paired; of these:
    99986 (99.99%) aligned concordantly 0 times
    2 (0.00%) aligned concordantly exactly 1 time
    12 (0.01%) aligned concordantly >1 times
    ----
    99986 pairs aligned concordantly 0 times; of these:
      40914 (40.92%) aligned discordantly 1 time
    ----
    59072 pairs aligned 0 times concordantly or discordantly; of these:
      118144 mates make up the pairs; of these:
        9365 (7.93%) aligned 0 times
        45890 (38.84%) aligned exactly 1 time
        62889 (53.23%) aligned >1 times
95.32% overall alignment rate
100000 reads; of these:
  100000 (100.00%) were paired; of these:
    99967 (99.97%) aligned concordantly 0 times
    0 (0.00%) aligned concordantly exactly 1 time
    33 (0.03%) aligned concordantly >1 times
    ----
    99967 pairs aligned concordantly 0 times; of these:
      39798 (39.81%) aligned discordantly 1 time
    ----
    60169 pairs aligned 0 times concordantly or discordantly; of these:
      120338 mates make up the pairs; of these:
        16832 (13.99%) aligned 0 times
        46004 (38.23%) aligned exactly 1 time
        57502 (47.78%) aligned >1 times
91.58% overall alignment rate
100000 reads; of these:
  100000 (100.00%) were paired; of these:
    99980 (99.98%) aligned concordantly 0 times
    3 (0.00%) aligned concordantly exactly 1 time
    17 (0.02%) aligned concordantly >1 times
    ----
    99980 pairs aligned concordantly 0 times; of these:
      38421 (38.43%) aligned discordantly 1 time
    ----
    61559 pairs aligned 0 times concordantly or discordantly; of these:
      123118 mates make up the pairs; of these:
        11122 (9.03%) aligned 0 times
        46471 (37.75%) aligned exactly 1 time
        65525 (53.22%) aligned >1 times
94.44% overall alignment rate
100000 reads; of these:
  100000 (100.00%) were paired; of these:
    99975 (99.97%) aligned concordantly 0 times
    8 (0.01%) aligned concordantly exactly 1 time
    17 (0.02%) aligned concordantly >1 times
    ----
    99975 pairs aligned concordantly 0 times; of these:
      43664 (43.67%) aligned discordantly 1 time
    ----
    56311 pairs aligned 0 times concordantly or discordantly; of these:
      112622 mates make up the pairs; of these:
        5184 (4.60%) aligned 0 times
        44681 (39.67%) aligned exactly 1 time
        62757 (55.72%) aligned >1 times
97.41% overall alignment rate
100000 reads; of these:
  100000 (100.00%) were paired; of these:
    99978 (99.98%) aligned concordantly 0 times
    2 (0.00%) aligned concordantly exactly 1 time
    20 (0.02%) aligned concordantly >1 times
    ----
    99978 pairs aligned concordantly 0 times; of these:
      41179 (41.19%) aligned discordantly 1 time
    ----
    58799 pairs aligned 0 times concordantly or discordantly; of these:
      117598 mates make up the pairs; of these:
        16181 (13.76%) aligned 0 times
        45354 (38.57%) aligned exactly 1 time
        56063 (47.67%) aligned >1 times
91.91% overall alignment rate
100000 reads; of these:
  100000 (100.00%) were paired; of these:
    99974 (99.97%) aligned concordantly 0 times
    5 (0.01%) aligned concordantly exactly 1 time
    21 (0.02%) aligned concordantly >1 times
    ----
    99974 pairs aligned concordantly 0 times; of these:
      42464 (42.48%) aligned discordantly 1 time
    ----
    57510 pairs aligned 0 times concordantly or discordantly; of these:
      115020 mates make up the pairs; of these:
        11211 (9.75%) aligned 0 times
        44872 (39.01%) aligned exactly 1 time
        58937 (51.24%) aligned >1 times
94.39% overall alignment rate
100000 reads; of these:
  100000 (100.00%) were paired; of these:
    99966 (99.97%) aligned concordantly 0 times
    12 (0.01%) aligned concordantly exactly 1 time
    22 (0.02%) aligned concordantly >1 times
    ----
    99966 pairs aligned concordantly 0 times; of these:
      45343 (45.36%) aligned discordantly 1 time
    ----
    54623 pairs aligned 0 times concordantly or discordantly; of these:
      109246 mates make up the pairs; of these:
        7750 (7.09%) aligned 0 times
        43628 (39.94%) aligned exactly 1 time
        57868 (52.97%) aligned >1 times
96.12% overall alignment rate
